<?xml version="1.0" encoding="UTF-8"?>
<!-- Generated by org.testng.reporters.JUnitReportReporter -->
<testsuite skipped="0" hostname="DESKTOP-Q31O9MO" name="com.jupitertoys.tests.ShoppingTests" tests="1" failures="0" timestamp="27 Nov 2022 12:02:54 GMT" time="33.766" errors="0">
  <testcase name="verifyTotalOfProducts" time="33.766" classname="com.jupitertoys.tests.ShoppingTests"/>
</testsuite> <!-- com.jupitertoys.tests.ShoppingTests -->
