<?xml version="1.0" encoding="UTF-8"?>
<!-- Generated by org.testng.reporters.JUnitReportReporter -->
<testsuite skipped="0" hostname="DESKTOP-Q31O9MO" name="com.jupitertoys.tests.ContactPagetests" tests="6" failures="0" timestamp="27 Nov 2022 12:02:54 GMT" time="151.338" errors="0">
  <testcase name="verifyErrorMessages" time="8.018" classname="com.jupitertoys.tests.ContactPagetests"/>
  <testcase name="submitForm" time="22.150" classname="com.jupitertoys.tests.ContactPagetests"/>
  <testcase name="submitForm" time="24.948" classname="com.jupitertoys.tests.ContactPagetests"/>
  <testcase name="submitForm" time="22.468" classname="com.jupitertoys.tests.ContactPagetests"/>
  <testcase name="submitForm" time="32.792" classname="com.jupitertoys.tests.ContactPagetests"/>
  <testcase name="submitForm" time="40.962" classname="com.jupitertoys.tests.ContactPagetests"/>
</testsuite> <!-- com.jupitertoys.tests.ContactPagetests -->
